2025-10-18 17:38:40 - CourseSchedule - INFO - 显示第 7 周的课程
2025-10-18 17:38:40 - CourseSchedule - INFO - 数据库中的课程数: 1
2025-10-18 17:38:40 - CourseSchedule - INFO - 有效课程数: 1
2025-10-18 17:38:40 - CourseSchedule - INFO - 数据库中的课程数: 1
2025-10-18 17:38:40 - CourseSchedule - INFO - 有效课程数: 1
2025-10-18 17:38:40 - CourseSchedule - INFO - 数据库中的课程数: 1
2025-10-18 17:38:40 - CourseSchedule - INFO - 有效课程数: 1
2025-10-18 17:38:40 - CourseSchedule - INFO - 加载的所有课程数: 1
2025-10-18 17:38:40 - CourseSchedule - INFO - 当前学期课程数: 0
2025-10-18 17:38:40 - CourseSchedule - INFO - 当前学期ID: 1
2025-10-18 17:38:40 - CourseSchedule - INFO - 数据库中的课程数: 1
2025-10-18 17:38:40 - CourseSchedule - INFO - 有效课程数: 1
2025-10-18 17:38:40 - CourseSchedule - INFO - 显示第 7 周的课程
2025-10-18 17:38:40 - CourseSchedule - INFO - 数据库中的课程数: 1
2025-10-18 17:38:40 - CourseSchedule - INFO - 有效课程数: 1
2025-10-18 17:38:45 - CourseSchedule - INFO - 数据库中的课程数: 1
2025-10-18 17:38:45 - CourseSchedule - INFO - 有效课程数: 1
2025-10-18 17:38:45 - CourseSchedule - INFO - 加载的所有课程数: 1
2025-10-18 17:38:45 - CourseSchedule - INFO - 当前学期课程数: 0
2025-10-18 17:38:45 - CourseSchedule - INFO - 当前学期ID: 2
2025-10-18 17:38:45 - CourseSchedule - INFO - 数据库中的课程数: 1
2025-10-18 17:38:45 - CourseSchedule - INFO - 有效课程数: 1
2025-10-18 17:38:45 - CourseSchedule - INFO - 显示第 7 周的课程
2025-10-18 17:38:45 - CourseSchedule - INFO - 数据库中的课程数: 1
2025-10-18 17:38:45 - CourseSchedule - INFO - 有效课程数: 1
2025-10-18 17:38:47 - CourseSchedule - INFO - 数据库中的课程数: 1
2025-10-18 17:38:47 - CourseSchedule - INFO - 有效课程数: 1
2025-10-18 17:38:47 - CourseSchedule - INFO - 加载的所有课程数: 1
2025-10-18 17:38:47 - CourseSchedule - INFO - 当前学期课程数: 0
2025-10-18 17:38:47 - CourseSchedule - INFO - 当前学期ID: 1
2025-10-18 17:38:47 - CourseSchedule - INFO - 数据库中的课程数: 1
2025-10-18 17:38:47 - CourseSchedule - INFO - 有效课程数: 1
2025-10-18 17:38:47 - CourseSchedule - INFO - 显示第 7 周的课程
2025-10-18 17:38:47 - CourseSchedule - INFO - 数据库中的课程数: 1
2025-10-18 17:38:47 - CourseSchedule - INFO - 有效课程数: 1
